current directory: /home/runner/workspace/.bundle/ruby/3.2.0/gems/json-2.10.1/ext/json/ext/parser
/nix/store/v45ny4knx2a7mmv12nm72a79dr8hlzqc-ruby-3.2.2/bin/ruby extconf.rb
checking for rb_enc_interned_str() in ruby.h... yes
checking for rb_hash_new_capa() in ruby.h... yes
checking for rb_hash_bulk_insert() in ruby.h... yes
checking for rb_category_warn() in ruby.h... yes
checking for strnlen() in string.h... yes
checking for whether -std=c99 is accepted as CFLAGS... yes
creating Makefile

current directory: /home/runner/workspace/.bundle/ruby/3.2.0/gems/json-2.10.1/ext/json/ext/parser
make DESTDIR\= sitearchdir\=./.gem.20250505-298-ee9eeb sitelibdir\=./.gem.20250505-298-ee9eeb clean

current directory: /home/runner/workspace/.bundle/ruby/3.2.0/gems/json-2.10.1/ext/json/ext/parser
make DESTDIR\= sitearchdir\=./.gem.20250505-298-ee9eeb sitelibdir\=./.gem.20250505-298-ee9eeb
compiling parser.c
linking shared-object json/ext/parser.so

current directory: /home/runner/workspace/.bundle/ruby/3.2.0/gems/json-2.10.1/ext/json/ext/parser
make DESTDIR\= sitearchdir\=./.gem.20250505-298-ee9eeb sitelibdir\=./.gem.20250505-298-ee9eeb install
install -c -p -m 755 parser.so ./.gem.20250505-298-ee9eeb/json/ext

current directory: /home/runner/workspace/.bundle/ruby/3.2.0/gems/json-2.10.1/ext/json/ext/parser
make DESTDIR\= sitearchdir\=./.gem.20250505-298-ee9eeb sitelibdir\=./.gem.20250505-298-ee9eeb clean
